*** Using Compiler 'V5.06 update 1 (build 61)', folder: 'D:\Keil_v5\ARM\ARMCC\Bin'
Build target 'driver_generate'
assembling startup_stm32f407xx.s...
compiling stm32f4xx_hal_flash_ex.c...
compiling stm32f4xx_hal_flash_ramfunc.c...
compiling stm32f4xx_hal_msp.c...
compiling stm32f4xx_it.c...
compiling stm32f4xx_hal_gpio.c...
compiling stm32f4xx_hal_i2c_ex.c...
compiling stm32f4xx_hal_dma.c...
compiling main.c...
compiling stm32f4xx_hal_rcc_ex.c...
compiling stm32f4xx_hal_dma_ex.c...
compiling stm32f4xx_hal_flash.c...
compiling stm32f4xx_hal_rcc.c...
compiling stm32f4xx_hal_i2c.c...
compiling _software_IIC.c...
compiling stm32f4xx_hal.c...
compiling stm32f4xx_hal_pwr_ex.c...
compiling stm32f4xx_hal_pwr.c...
compiling stm32f4xx_hal_exti.c...
compiling key.c...
compiling system_stm32f4xx.c...
compiling _hardware_IIC.c...
compiling stm32f4xx_hal_cortex.c...
compiling oled_ssd1306.c...
..\Drivers\BSP\OLED\oled_ssd1306.c(602): warning:  #177-D: function "OLED_WriteCont_Command" was declared but never referenced
  static OperationResult OLED_WriteCont_Command(const uint8_t *write_command,uint8_t Cont_len){
..\Drivers\BSP\OLED\oled_ssd1306.c: 1 warning, 0 errors
compiling debug_com.c...
compiling stm32f4xx_hal_spi.c...
compiling stm32f4xx_hal_uart.c...
linking...
Program Size: Code=13674 RO-data=6366 RW-data=24 ZI-data=7200  
FromELF: creating hex file...
"driver_generate\driver_generate.axf" - 0 Error(s), 1 Warning(s).
Build Time Elapsed:  00:00:10
